2009-08-04 16:42:56 Warning: Warning (2): Unknown: Failed to write session data (memcache). Please verify that the current setting of session.save_path is correct (tcp://localhost:11211?persistent=1&amp;weight=1&amp;timeout=1&amp;retry_interval=15) in [Unknown, line ??]
2009-08-04 16:50:47 Warning: Warning (2): Unknown: Failed to write session data (memcache). Please verify that the current setting of session.save_path is correct (tcp://localhost:11211?persistent=1&amp;weight=1&amp;timeout=1&amp;retry_interval=15) in [Unknown, line ??]
2009-08-04 16:52:08 Warning: Warning (2): Unknown: Failed to write session data (memcache). Please verify that the current setting of session.save_path is correct (tcp://localhost:11211?persistent=1&amp;weight=1&amp;timeout=1&amp;retry_interval=15) in [Unknown, line ??]
2009-08-04 16:52:10 Warning: Warning (2): Unknown: Failed to write session data (memcache). Please verify that the current setting of session.save_path is correct (tcp://localhost:11211?persistent=1&amp;weight=1&amp;timeout=1&amp;retry_interval=15) in [Unknown, line ??]
2009-08-04 16:56:35 Warning: Warning (2): Unknown: Failed to write session data (memcache). Please verify that the current setting of session.save_path is correct (tcp://localhost:11211?persistent=1&amp;weight=1&amp;timeout=1&amp;retry_interval=15) in [Unknown, line ??]
2009-08-05 16:48:33 Warning: Warning (2): preg_replace() [<a href='http://php.net/function.preg-replace'>function.preg-replace</a>]: No ending delimiter '&amp;' found in [APP/controllers/parse_controller.php, line 13]
2009-08-06 10:21:35 Warning: Warning (2): filesize() [<a href='http://php.net/function.filesize'>function.filesize</a>]: stat failed for Resource id #180 in [APP/controllers/parse_controller.php, line 11]
2009-08-06 10:21:35 Warning: Warning (2): fread() [<a href='http://php.net/function.fread'>function.fread</a>]: Length parameter must be greater than 0 in [APP/controllers/parse_controller.php, line 11]
2009-08-06 13:41:45 Warning: Warning (2): preg_replace() [<a href='http://php.net/function.preg-replace'>function.preg-replace</a>]: Delimiter must not be alphanumeric or backslash in [APP/controllers/parse_controller.php, line 36]
2009-08-06 13:44:10 Warning: Warning (2): preg_replace() [<a href='http://php.net/function.preg-replace'>function.preg-replace</a>]: Compilation failed: missing terminating ] for character class at offset 6 in [APP/controllers/parse_controller.php, line 36]
2009-08-06 13:44:27 Warning: Warning (2): preg_replace() [<a href='http://php.net/function.preg-replace'>function.preg-replace</a>]: No ending delimiter '/' found in [APP/controllers/parse_controller.php, line 36]
2009-08-06 13:44:35 Warning: Warning (2): preg_replace() [<a href='http://php.net/function.preg-replace'>function.preg-replace</a>]: No ending delimiter '/' found in [APP/controllers/parse_controller.php, line 36]
2009-08-06 13:44:47 Warning: Warning (2): preg_replace() [<a href='http://php.net/function.preg-replace'>function.preg-replace</a>]: Delimiter must not be alphanumeric or backslash in [APP/controllers/parse_controller.php, line 36]
2009-08-06 13:45:57 Warning: Warning (2): preg_replace() [<a href='http://php.net/function.preg-replace'>function.preg-replace</a>]: Delimiter must not be alphanumeric or backslash in [APP/controllers/parse_controller.php, line 36]
2009-08-06 13:47:08 Warning: Warning (2): preg_replace() [<a href='http://php.net/function.preg-replace'>function.preg-replace</a>]: No ending delimiter '/' found in [APP/controllers/parse_controller.php, line 36]
2009-08-06 13:47:48 Warning: Warning (2): preg_replace() [<a href='http://php.net/function.preg-replace'>function.preg-replace</a>]: No ending delimiter '/' found in [APP/controllers/parse_controller.php, line 36]
2009-08-06 16:14:07 Warning: Warning (2): preg_match() expects at least 2 parameters, 1 given in [APP/controllers/parse_controller.php, line 35]
2009-08-07 10:59:56 Warning: Warning (2): Wrong parameter count for preg_replace() in [APP/controllers/parse_controller.php, line 75]
2009-08-07 11:01:16 Warning: Warning (2): preg_replace() [<a href='http://php.net/function.preg-replace'>function.preg-replace</a>]: No ending delimiter '_' found in [APP/controllers/parse_controller.php, line 76]
2009-08-07 14:17:56 Warning: Warning (512): <span style = "color:Red;text-align:left"><b>SQL Error:</b> 1048: Column 'number' cannot be null</span> in [CORE/cake/libs/model/datasources/dbo_source.php, line 524]
2009-08-07 14:18:55 Warning: Warning (512): <span style = "color:Red;text-align:left"><b>SQL Error:</b> 1048: Column 'number' cannot be null</span> in [CORE/cake/libs/model/datasources/dbo_source.php, line 524]
2009-08-07 14:19:06 Warning: Warning (512): <span style = "color:Red;text-align:left"><b>SQL Error:</b> 1048: Column 'number' cannot be null</span> in [CORE/cake/libs/model/datasources/dbo_source.php, line 524]
2009-08-07 14:19:35 Warning: Warning (512): <span style = "color:Red;text-align:left"><b>SQL Error:</b> 1048: Column 'number' cannot be null</span> in [CORE/cake/libs/model/datasources/dbo_source.php, line 524]
2009-08-07 14:19:38 Warning: Warning (512): <span style = "color:Red;text-align:left"><b>SQL Error:</b> 1062: Duplicate entry '\\FSOR01\01\0001_HKS_ORLANDO_ADMINISTRATION' for key 2</span> in [CORE/cake/libs/model/datasources/dbo_source.php, line 524]
2009-08-07 14:19:38 Warning: Warning (512): <span style = "color:Red;text-align:left"><b>SQL Error:</b> 1062: Duplicate entry '\\FSOR01\100\10010_HARCOURT' for key 2</span> in [CORE/cake/libs/model/datasources/dbo_source.php, line 524]
2009-08-07 14:19:38 Warning: Warning (512): <span style = "color:Red;text-align:left"><b>SQL Error:</b> 1062: Duplicate entry '\\FSOR01\100\10052' for key 2</span> in [CORE/cake/libs/model/datasources/dbo_source.php, line 524]
2009-08-07 14:19:38 Warning: Warning (512): <span style = "color:Red;text-align:left"><b>SQL Error:</b> 1062: Duplicate entry '\\FSOR01\101\10101' for key 2</span> in [CORE/cake/libs/model/datasources/dbo_source.php, line 524]
2009-08-07 14:19:38 Warning: Warning (512): <span style = "color:Red;text-align:left"><b>SQL Error:</b> 1062: Duplicate entry '\\FSOR01\101\10134.000_SEMINOLE_JAIL' for key 2</span> in [CORE/cake/libs/model/datasources/dbo_source.php, line 524]
2009-08-07 14:19:38 Warning: Warning (512): <span style = "color:Red;text-align:left"><b>SQL Error:</b> 1062: Duplicate entry '\\FSOR01\101\10160' for key 2</span> in [CORE/cake/libs/model/datasources/dbo_source.php, line 524]
2009-08-07 14:19:38 Warning: Warning (512): <span style = "color:Red;text-align:left"><b>SQL Error:</b> 1062: Duplicate entry '\\FSOR01\101\10180' for key 2</span> in [CORE/cake/libs/model/datasources/dbo_source.php, line 524]
2009-08-07 14:19:38 Warning: Warning (512): <span style = "color:Red;text-align:left"><b>SQL Error:</b> 1062: Duplicate entry '\\FSOR01\102\10207_RUBYLAKE' for key 2</span> in [CORE/cake/libs/model/datasources/dbo_source.php, line 524]
2009-08-07 14:19:38 Warning: Warning (512): <span style = "color:Red;text-align:left"><b>SQL Error:</b> 1062: Duplicate entry '\\FSOR01\102\10208_SOUTH_LAKE_WOMENS_EXPANSION' for key 2</span> in [CORE/cake/libs/model/datasources/dbo_source.php, line 524]
2009-08-07 14:19:38 Warning: Warning (512): <span style = "color:Red;text-align:left"><b>SQL Error:</b> 1062: Duplicate entry '\\FSOR01\102\10212_CONCOURSE_CTR_TAMPA' for key 2</span> in [CORE/cake/libs/model/datasources/dbo_source.php, line 524]
2009-08-07 14:19:38 Warning: Warning (512): <span style = "color:Red;text-align:left"><b>SQL Error:</b> 1062: Duplicate entry '\\FSOR01\102\10212_CPT_TAMPA' for key 2</span> in [CORE/cake/libs/model/datasources/dbo_source.php, line 524]
2009-08-07 14:19:38 Warning: Warning (512): <span style = "color:Red;text-align:left"><b>SQL Error:</b> 1062: Duplicate entry '\\FSOR01\102\10219_HARCOURT' for key 2</span> in [CORE/cake/libs/model/datasources/dbo_source.php, line 524]
2009-08-07 14:19:38 Warning: Warning (512): <span style = "color:Red;text-align:left"><b>SQL Error:</b> 1062: Duplicate entry '\\FSOR01\102\10261' for key 2</span> in [CORE/cake/libs/model/datasources/dbo_source.php, line 524]
2009-08-07 14:19:38 Warning: Warning (512): <span style = "color:Red;text-align:left"><b>SQL Error:</b> 1048: Column 'number' cannot be null</span> in [CORE/cake/libs/model/datasources/dbo_source.php, line 524]
2009-08-07 14:19:38 Warning: Warning (512): <span style = "color:Red;text-align:left"><b>SQL Error:</b> 1062: Duplicate entry '\\FSOR01\103\10342' for key 2</span> in [CORE/cake/libs/model/datasources/dbo_source.php, line 524]
2009-08-07 14:19:38 Warning: Warning (512): <span style = "color:Red;text-align:left"><b>SQL Error:</b> 1062: Duplicate entry '\\FSOR01\103\10377_ORMCINTERVIEW' for key 2</span> in [CORE/cake/libs/model/datasources/dbo_source.php, line 524]
2009-08-07 14:19:38 Warning: Warning (512): <span style = "color:Red;text-align:left"><b>SQL Error:</b> 1062: Duplicate entry '\\FSOR01\103\10394_MARRIOTT' for key 2</span> in [CORE/cake/libs/model/datasources/dbo_source.php, line 524]
2009-08-07 14:19:38 Warning: Warning (512): <span style = "color:Red;text-align:left"><b>SQL Error:</b> 1062: Duplicate entry '\\FSOR01\104\10401' for key 2</span> in [CORE/cake/libs/model/datasources/dbo_source.php, line 524]
2009-08-07 14:19:38 Warning: Warning (512): <span style = "color:Red;text-align:left"><b>SQL Error:</b> 1062: Duplicate entry '\\FSOR01\104\10414_GREAT_AMERICAN_LAND' for key 2</span> in [CORE/cake/libs/model/datasources/dbo_source.php, line 524]
2009-08-07 14:19:38 Warning: Warning (512): <span style = "color:Red;text-align:left"><b>SQL Error:</b> 1062: Duplicate entry '\\FSOR01\104\10451.000 FIDELITY' for key 2</span> in [CORE/cake/libs/model/datasources/dbo_source.php, line 524]
2009-08-07 14:19:38 Warning: Warning (512): <span style = "color:Red;text-align:left"><b>SQL Error:</b> 1062: Duplicate entry '\\FSOR01\104\10456.005_MALBIS_CANCER_CENTER' for key 2</span> in [CORE/cake/libs/model/datasources/dbo_source.php, line 524]
2009-08-07 14:19:38 Warning: Warning (512): <span style = "color:Red;text-align:left"><b>SQL Error:</b> 1062: Duplicate entry '\\FSOR01\104\10464.000_PARRISH_CATH_LABS' for key 2</span> in [CORE/cake/libs/model/datasources/dbo_source.php, line 524]
2009-08-07 14:19:38 Warning: Warning (512): <span style = "color:Red;text-align:left"><b>SQL Error:</b> 1062: Duplicate entry '\\FSOR01\105\10535_EOLACAPITAL' for key 2</span> in [CORE/cake/libs/model/datasources/dbo_source.php, line 524]
2009-08-07 14:19:38 Warning: Warning (512): <span style = "color:Red;text-align:left"><b>SQL Error:</b> 1062: Duplicate entry '\\FSOR01\105\10543_JMU' for key 2</span> in [CORE/cake/libs/model/datasources/dbo_source.php, line 524]
2009-08-07 14:19:38 Warning: Warning (512): <span style = "color:Red;text-align:left"><b>SQL Error:</b> 1062: Duplicate entry '\\FSOR01\105\10581_INTFESTIVALDEV' for key 2</span> in [CORE/cake/libs/model/datasources/dbo_source.php, line 524]
2009-08-07 14:19:38 Warning: Warning (512): <span style = "color:Red;text-align:left"><b>SQL Error:</b> 1062: Duplicate entry '\\FSOR01\105\10591_ORLANDOBALLPARK' for key 2</span> in [CORE/cake/libs/model/datasources/dbo_source.php, line 524]
2009-08-07 14:19:38 Warning: Warning (512): <span style = "color:Red;text-align:left"><b>SQL Error:</b> 1062: Duplicate entry '\\FSOR01\106\10628 - TEMP' for key 2</span> in [CORE/cake/libs/model/datasources/dbo_source.php, line 524]
2009-08-07 14:19:38 Warning: Warning (512): <span style = "color:Red;text-align:left"><b>SQL Error:</b> 1062: Duplicate entry '\\FSOR01\106\10657_MIDLANDS_HOSPITAL_ALEGENT_HEALTH' for key 2</span> in [CORE/cake/libs/model/datasources/dbo_source.php, line 524]
2009-08-07 14:19:38 Warning: Warning (512): <span style = "color:Red;text-align:left"><b>SQL Error:</b> 1062: Duplicate entry '\\FSOR01\106\10694_BATONROUGE_WOMANS' for key 2</span> in [CORE/cake/libs/model/datasources/dbo_source.php, line 524]
2009-08-07 14:19:38 Warning: Warning (512): <span style = "color:Red;text-align:left"><b>SQL Error:</b> 1062: Duplicate entry '\\FSOR01\107\10734.001_SEMINOLE_COUNTY_COURTS' for key 2</span> in [CORE/cake/libs/model/datasources/dbo_source.php, line 524]
2009-08-07 14:19:38 Warning: Warning (512): <span style = "color:Red;text-align:left"><b>SQL Error:</b> 1062: Duplicate entry '\\FSOR01\107\10734_SEMINOLE_COURTHOUSE_RENOV' for key 2</span> in [CORE/cake/libs/model/datasources/dbo_source.php, line 524]
2009-08-07 14:19:38 Warning: Warning (512): <span style = "color:Red;text-align:left"><b>SQL Error:</b> 1062: Duplicate entry '\\FSOR01\107\10776_CNLBANK_4THFL' for key 2</span> in [CORE/cake/libs/model/datasources/dbo_source.php, line 524]
2009-08-07 14:19:38 Warning: Warning (512): <span style = "color:Red;text-align:left"><b>SQL Error:</b> 1062: Duplicate entry '\\FSOR01\107\10789_SOUTH_LAKE_CT' for key 2</span> in [CORE/cake/libs/model/datasources/dbo_source.php, line 524]
2009-08-07 14:19:38 Warning: Warning (512): <span style = "color:Red;text-align:left"><b>SQL Error:</b> 1062: Duplicate entry '\\FSOR01\107\10792_SEMINOLE_HRC' for key 2</span> in [CORE/cake/libs/model/datasources/dbo_source.php, line 524]
2009-08-07 14:19:38 Warning: Warning (512): <span style = "color:Red;text-align:left"><b>SQL Error:</b> 1062: Duplicate entry '\\FSOR01\107\10796_ST._REGIS' for key 2</span> in [CORE/cake/libs/model/datasources/dbo_source.php, line 524]
2009-08-07 14:19:38 Warning: Warning (512): <span style = "color:Red;text-align:left"><b>SQL Error:</b> 1062: Duplicate entry '\\FSOR01\108\10824_SOUTH_LAKE' for key 2</span> in [CORE/cake/libs/model/datasources/dbo_source.php, line 524]
2009-08-07 14:19:38 Warning: Warning (512): <span style = "color:Red;text-align:left"><b>SQL Error:</b> 1062: Duplicate entry '\\FSOR01\108\10849_LAS_BANDERAS' for key 2</span> in [CORE/cake/libs/model/datasources/dbo_source.php, line 524]
2009-08-07 14:19:38 Warning: Warning (512): <span style = "color:Red;text-align:left"><b>SQL Error:</b> 1062: Duplicate entry '\\FSOR01\108\10884_DARTMOUTH_CP' for key 2</span> in [CORE/cake/libs/model/datasources/dbo_source.php, line 524]
2009-08-07 14:19:38 Warning: Warning (512): <span style = "color:Red;text-align:left"><b>SQL Error:</b> 1062: Duplicate entry '\\FSOR01\108\10892_PRINCETON_CP' for key 2</span> in [CORE/cake/libs/model/datasources/dbo_source.php, line 524]
2009-08-07 14:19:38 Warning: Warning (512): <span style = "color:Red;text-align:left"><b>SQL Error:</b> 1062: Duplicate entry '\\FSOR01\109\10900_WRNMMC' for key 2</span> in [CORE/cake/libs/model/datasources/dbo_source.php, line 524]
2009-08-07 14:19:38 Warning: Warning (512): <span style = "color:Red;text-align:left"><b>SQL Error:</b> 1062: Duplicate entry '\\FSOR01\109\10910_PARRISHPORTSTJOHN' for key 2</span> in [CORE/cake/libs/model/datasources/dbo_source.php, line 524]
2009-08-07 14:19:38 Warning: Warning (512): <span style = "color:Red;text-align:left"><b>SQL Error:</b> 1062: Duplicate entry '\\FSOR01\109\10916_ALBANYMARINAVILLAGE' for key 2</span> in [CORE/cake/libs/model/datasources/dbo_source.php, line 524]
2009-08-07 14:19:38 Warning: Warning (512): <span style = "color:Red;text-align:left"><b>SQL Error:</b> 1062: Duplicate entry '\\FSOR01\109\10963_LRMCREHAB' for key 2</span> in [CORE/cake/libs/model/datasources/dbo_source.php, line 524]
2009-08-07 14:19:38 Warning: Warning (512): <span style = "color:Red;text-align:left"><b>SQL Error:</b> 1062: Duplicate entry '\\FSOR01\109\10990_SEMINOLECCH_PROGRAM' for key 2</span> in [CORE/cake/libs/model/datasources/dbo_source.php, line 524]
2009-08-07 14:19:38 Warning: Warning (512): <span style = "color:Red;text-align:left"><b>SQL Error:</b> 1062: Duplicate entry '\\FSOR01\110\11010_LRMCSURGERYCENTERSURVEY' for key 2</span> in [CORE/cake/libs/model/datasources/dbo_source.php, line 524]
2009-08-07 14:19:38 Warning: Warning (512): <span style = "color:Red;text-align:left"><b>SQL Error:</b> 1062: Duplicate entry '\\FSOR01\110\11052.010_MARCO ISLAND MARRIOTT' for key 2</span> in [CORE/cake/libs/model/datasources/dbo_source.php, line 524]
2009-08-07 14:19:38 Warning: Warning (512): <span style = "color:Red;text-align:left"><b>SQL Error:</b> 1062: Duplicate entry '\\FSOR01\110\11061_PARRISHTHEMING' for key 2</span> in [CORE/cake/libs/model/datasources/dbo_source.php, line 524]
2009-08-07 14:19:38 Warning: Warning (512): <span style = "color:Red;text-align:left"><b>SQL Error:</b> 1062: Duplicate entry '\\FSOR01\110\11070_OCOEE_POLICE_HQ' for key 2</span> in [CORE/cake/libs/model/datasources/dbo_source.php, line 524]
2009-08-07 14:19:38 Warning: Warning (512): <span style = "color:Red;text-align:left"><b>SQL Error:</b> 1062: Duplicate entry '\\FSOR01\110\11081_FLORIDA PANTHERS TRAINING CENTER' for key 2</span> in [CORE/cake/libs/model/datasources/dbo_source.php, line 524]
2009-08-07 14:19:38 Warning: Warning (512): <span style = "color:Red;text-align:left"><b>SQL Error:</b> 1062: Duplicate entry '\\FSOR01\110\11090_HEALTH FIRST STATEMENT OF CONDITIONS' for key 2</span> in [CORE/cake/libs/model/datasources/dbo_source.php, line 524]
2009-08-07 14:19:38 Warning: Warning (512): <span style = "color:Red;text-align:left"><b>SQL Error:</b> 1062: Duplicate entry '\\FSOR01\111\11101_OMNI_CAPEX_PROJECTS' for key 2</span> in [CORE/cake/libs/model/datasources/dbo_source.php, line 524]
2009-08-07 14:19:38 Warning: Warning (512): <span style = "color:Red;text-align:left"><b>SQL Error:</b> 1062: Duplicate entry '\\FSOR01\111\11112_USF_CENTER_FOR_EXCELLENCE' for key 2</span> in [CORE/cake/libs/model/datasources/dbo_source.php, line 524]
2009-08-07 14:19:38 Warning: Warning (512): <span style = "color:Red;text-align:left"><b>SQL Error:</b> 1062: Duplicate entry '\\FSOR01\111\11137_999_VIERAHOSPITAL' for key 2</span> in [CORE/cake/libs/model/datasources/dbo_source.php, line 524]
2009-08-07 14:19:38 Warning: Warning (512): <span style = "color:Red;text-align:left"><b>SQL Error:</b> 1062: Duplicate entry '\\FSOR01\111\11140_000_COMM_MARITIME PARK' for key 2</span> in [CORE/cake/libs/model/datasources/dbo_source.php, line 524]
2009-08-07 14:19:38 Warning: Warning (512): <span style = "color:Red;text-align:left"><b>SQL Error:</b> 1062: Duplicate entry '\\FSOR01\111\11152_000_QUAIL_ROOST_STATION' for key 2</span> in [CORE/cake/libs/model/datasources/dbo_source.php, line 524]
2009-08-07 14:19:38 Warning: Warning (512): <span style = "color:Red;text-align:left"><b>SQL Error:</b> 1062: Duplicate entry '\\FSOR01\111\11159_000_CNLBANK_ONCALL' for key 2</span> in [CORE/cake/libs/model/datasources/dbo_source.php, line 524]
2009-08-07 14:19:38 Warning: Warning (512): <span style = "color:Red;text-align:left"><b>SQL Error:</b> 1062: Duplicate entry '\\FSOR01\111\11172_VP_1750' for key 2</span> in [CORE/cake/libs/model/datasources/dbo_source.php, line 524]
2009-08-07 14:19:38 Warning: Warning (512): <span style = "color:Red;text-align:left"><b>SQL Error:</b> 1062: Duplicate entry '\\FSOR01\111\11194.999_ORLANDOMIXEDUSE' for key 2</span> in [CORE/cake/libs/model/datasources/dbo_source.php, line 524]
2009-08-07 14:19:38 Warning: Warning (512): <span style = "color:Red;text-align:left"><b>SQL Error:</b> 1062: Duplicate entry '\\FSOR01\112\11200_VPB2750' for key 2</span> in [CORE/cake/libs/model/datasources/dbo_source.php, line 524]
2009-08-07 14:19:38 Warning: Warning (512): <span style = "color:Red;text-align:left"><b>SQL Error:</b> 1062: Duplicate entry '\\FSOR01\112\11201' for key 2</span> in [CORE/cake/libs/model/datasources/dbo_source.php, line 524]
2009-08-07 14:19:38 Warning: Warning (512): <span style = "color:Red;text-align:left"><b>SQL Error:</b> 1062: Duplicate entry '\\FSOR01\112\11202_CNL_III' for key 2</span> in [CORE/cake/libs/model/datasources/dbo_source.php, line 524]
2009-08-07 14:19:38 Warning: Warning (512): <span style = "color:Red;text-align:left"><b>SQL Error:</b> 1062: Duplicate entry '\\FSOR01\112\11210_SOUTH_SEMINOLE' for key 2</span> in [CORE/cake/libs/model/datasources/dbo_source.php, line 524]
2009-08-07 14:19:38 Warning: Warning (512): <span style = "color:Red;text-align:left"><b>SQL Error:</b> 1062: Duplicate entry '\\FSOR01\112\11221_CNL_CRE' for key 2</span> in [CORE/cake/libs/model/datasources/dbo_source.php, line 524]
2009-08-07 14:19:38 Warning: Warning (512): <span style = "color:Red;text-align:left"><b>SQL Error:</b> 1062: Duplicate entry '\\FSOR01\112\11227_HYATT_MODELROOM' for key 2</span> in [CORE/cake/libs/model/datasources/dbo_source.php, line 524]
2009-08-07 14:19:38 Warning: Warning (512): <span style = "color:Red;text-align:left"><b>SQL Error:</b> 1062: Duplicate entry '\\FSOR01\112\11239.999_HYATT_GRAND_CYPRESS' for key 2</span> in [CORE/cake/libs/model/datasources/dbo_source.php, line 524]
2009-08-07 14:19:38 Warning: Warning (512): <span style = "color:Red;text-align:left"><b>SQL Error:</b> 1062: Duplicate entry '\\FSOR01\113\11303.000 BAYFRONT 3 RD FLOOR' for key 2</span> in [CORE/cake/libs/model/datasources/dbo_source.php, line 524]
2009-08-07 14:19:38 Warning: Warning (512): <span style = "color:Red;text-align:left"><b>SQL Error:</b> 1062: Duplicate entry '\\FSOR01\113\11328.999_HYATTOCC_RFP' for key 2</span> in [CORE/cake/libs/model/datasources/dbo_source.php, line 524]
2009-08-07 14:19:38 Warning: Warning (512): <span style = "color:Red;text-align:left"><b>SQL Error:</b> 1062: Duplicate entry '\\FSOR01\113\11348_MORTON PLANT' for key 2</span> in [CORE/cake/libs/model/datasources/dbo_source.php, line 524]
2009-08-07 14:19:38 Warning: Warning (512): <span style = "color:Red;text-align:left"><b>SQL Error:</b> 1062: Duplicate entry '\\FSOR01\113\11359.999_CARTER_RFP' for key 2</span> in [CORE/cake/libs/model/datasources/dbo_source.php, line 524]
2009-08-07 14:19:38 Warning: Warning (512): <span style = "color:Red;text-align:left"><b>SQL Error:</b> 1062: Duplicate entry '\\FSOR01\113\11364.000_ST_JOSEPHS_WOMENS' for key 2</span> in [CORE/cake/libs/model/datasources/dbo_source.php, line 524]
2009-08-07 14:19:38 Warning: Warning (512): <span style = "color:Red;text-align:left"><b>SQL Error:</b> 1062: Duplicate entry '\\FSOR01\113\11371_FIDELITY_LAKESIDE' for key 2</span> in [CORE/cake/libs/model/datasources/dbo_source.php, line 524]
2009-08-07 14:19:38 Warning: Warning (512): <span style = "color:Red;text-align:left"><b>SQL Error:</b> 1062: Duplicate entry '\\FSOR01\113\11398.000_UCF_ARTSCOMPLEXPAC' for key 2</span> in [CORE/cake/libs/model/datasources/dbo_source.php, line 524]
2009-08-07 14:19:38 Warning: Warning (512): <span style = "color:Red;text-align:left"><b>SQL Error:</b> 1062: Duplicate entry '\\FSOR01\114\11433' for key 2</span> in [CORE/cake/libs/model/datasources/dbo_source.php, line 524]
2009-08-07 14:19:38 Warning: Warning (512): <span style = "color:Red;text-align:left"><b>SQL Error:</b> 1062: Duplicate entry '\\FSOR01\114\11443' for key 2</span> in [CORE/cake/libs/model/datasources/dbo_source.php, line 524]
2009-08-07 14:19:38 Warning: Warning (512): <span style = "color:Red;text-align:left"><b>SQL Error:</b> 1062: Duplicate entry '\\FSOR01\114\11472_DR_PHILLIPS_PERFORMING_ARTS' for key 2</span> in [CORE/cake/libs/model/datasources/dbo_source.php, line 524]
2009-08-07 14:19:38 Warning: Warning (512): <span style = "color:Red;text-align:left"><b>SQL Error:</b> 1062: Duplicate entry '\\FSOR01\114\11495_VPB2000' for key 2</span> in [CORE/cake/libs/model/datasources/dbo_source.php, line 524]
2009-08-07 14:19:38 Warning: Warning (512): <span style = "color:Red;text-align:left"><b>SQL Error:</b> 1062: Duplicate entry '\\FSOR01\114\11499' for key 2</span> in [CORE/cake/libs/model/datasources/dbo_source.php, line 524]
2009-08-07 14:19:38 Warning: Warning (512): <span style = "color:Red;text-align:left"><b>SQL Error:</b> 1062: Duplicate entry '\\FSOR01\115\11543' for key 2</span> in [CORE/cake/libs/model/datasources/dbo_source.php, line 524]
2009-08-07 14:19:38 Warning: Warning (512): <span style = "color:Red;text-align:left"><b>SQL Error:</b> 1062: Duplicate entry '\\FSOR01\115\11550_DEI' for key 2</span> in [CORE/cake/libs/model/datasources/dbo_source.php, line 524]
2009-08-07 14:19:38 Warning: Warning (512): <span style = "color:Red;text-align:left"><b>SQL Error:</b> 1062: Duplicate entry '\\FSOR01\115\11552_JHT' for key 2</span> in [CORE/cake/libs/model/datasources/dbo_source.php, line 524]
2009-08-07 14:19:38 Warning: Warning (512): <span style = "color:Red;text-align:left"><b>SQL Error:</b> 1062: Duplicate entry '\\FSOR01\115\11563' for key 2</span> in [CORE/cake/libs/model/datasources/dbo_source.php, line 524]
2009-08-07 14:19:38 Warning: Warning (512): <span style = "color:Red;text-align:left"><b>SQL Error:</b> 1062: Duplicate entry '\\FSOR01\115\11585_FIDELITY_DEERWOOD_G&G_STUDY' for key 2</span> in [CORE/cake/libs/model/datasources/dbo_source.php, line 524]
2009-08-07 14:19:38 Warning: Warning (512): <span style = "color:Red;text-align:left"><b>SQL Error:</b> 1062: Duplicate entry '\\FSOR01\116\11613_OSCEOLA_CONFERENCE_CENTER' for key 2</span> in [CORE/cake/libs/model/datasources/dbo_source.php, line 524]
2009-08-07 14:19:38 Warning: Warning (512): <span style = "color:Red;text-align:left"><b>SQL Error:</b> 1062: Duplicate entry '\\FSOR01\116\11632.000_UCF_ATHLETICS' for key 2</span> in [CORE/cake/libs/model/datasources/dbo_source.php, line 524]
2009-08-07 14:19:38 Warning: Warning (512): <span style = "color:Red;text-align:left"><b>SQL Error:</b> 1062: Duplicate entry '\\FSOR01\116\11634.000_GUAYNABO_CITY_HOSPITAL' for key 2</span> in [CORE/cake/libs/model/datasources/dbo_source.php, line 524]
2009-08-07 14:19:38 Warning: Warning (512): <span style = "color:Red;text-align:left"><b>SQL Error:</b> 1062: Duplicate entry '\\FSOR01\116\11653_PARRISHPSJ' for key 2</span> in [CORE/cake/libs/model/datasources/dbo_source.php, line 524]
2009-08-07 14:19:38 Warning: Warning (512): <span style = "color:Red;text-align:left"><b>SQL Error:</b> 1062: Duplicate entry '\\FSOR01\116\11698_PARRISH_ASC' for key 2</span> in [CORE/cake/libs/model/datasources/dbo_source.php, line 524]
2009-08-07 14:19:38 Warning: Warning (512): <span style = "color:Red;text-align:left"><b>SQL Error:</b> 1062: Duplicate entry '\\FSOR01\117\11705.000_WINTERPARKTOWERS' for key 2</span> in [CORE/cake/libs/model/datasources/dbo_source.php, line 524]
2009-08-07 14:19:38 Warning: Warning (512): <span style = "color:Red;text-align:left"><b>SQL Error:</b> 1062: Duplicate entry '\\FSOR01\117\11709.000_JACKSON MEMORIAL HOSPITAL UCC DEMO' for key 2</span> in [CORE/cake/libs/model/datasources/dbo_source.php, line 524]
2009-08-07 14:19:38 Warning: Warning (512): <span style = "color:Red;text-align:left"><b>SQL Error:</b> 1062: Duplicate entry '\\FSOR01\117\11720.000_WDI_INSPIRATION_STATION' for key 2</span> in [CORE/cake/libs/model/datasources/dbo_source.php, line 524]
2009-08-07 14:19:38 Warning: Warning (512): <span style = "color:Red;text-align:left"><b>SQL Error:</b> 1062: Duplicate entry '\\FSOR01\118\11822.000_BEAUMONT' for key 2</span> in [CORE/cake/libs/model/datasources/dbo_source.php, line 524]
2009-08-07 14:19:38 Warning: Warning (512): <span style = "color:Red;text-align:left"><b>SQL Error:</b> 1062: Duplicate entry '\\FSOR01\118\11830.000_DPH' for key 2</span> in [CORE/cake/libs/model/datasources/dbo_source.php, line 524]
2009-08-07 14:19:38 Warning: Warning (512): <span style = "color:Red;text-align:left"><b>SQL Error:</b> 1062: Duplicate entry '\\FSOR01\118\11840.000_BAYFRONT_ELEC_SYS_PLAN' for key 2</span> in [CORE/cake/libs/model/datasources/dbo_source.php, line 524]
2009-08-07 14:19:38 Warning: Warning (512): <span style = "color:Red;text-align:left"><b>SQL Error:</b> 1062: Duplicate entry '\\FSOR01\118\11842.999_NAPLES COMMUNITY_HOSPITAL_MASTER_PLAN' for key 2</span> in [CORE/cake/libs/model/datasources/dbo_source.php, line 524]
2009-08-07 14:19:39 Warning: Warning (512): <span style = "color:Red;text-align:left"><b>SQL Error:</b> 1062: Duplicate entry '\\FSOR01\118\11860.000_HOLMES_SPECIALS_RELOCATION' for key 2</span> in [CORE/cake/libs/model/datasources/dbo_source.php, line 524]
2009-08-07 14:19:39 Warning: Warning (512): <span style = "color:Red;text-align:left"><b>SQL Error:</b> 1062: Duplicate entry '\\FSOR01\118\11894.000_400NORANGE' for key 2</span> in [CORE/cake/libs/model/datasources/dbo_source.php, line 524]
2009-08-07 14:19:39 Warning: Warning (512): <span style = "color:Red;text-align:left"><b>SQL Error:</b> 1062: Duplicate entry '\\FSOR01\119\11900_CNL5TH3RD' for key 2</span> in [CORE/cake/libs/model/datasources/dbo_source.php, line 524]
2009-08-07 14:19:39 Warning: Warning (512): <span style = "color:Red;text-align:left"><b>SQL Error:</b> 1062: Duplicate entry '\\FSOR01\119\11904_NEW_BROADSTREET' for key 2</span> in [CORE/cake/libs/model/datasources/dbo_source.php, line 524]
2009-08-07 14:19:39 Warning: Warning (512): <span style = "color:Red;text-align:left"><b>SQL Error:</b> 1062: Duplicate entry '\\FSOR01\119\11906_JHT_DISCOVERYTECH' for key 2</span> in [CORE/cake/libs/model/datasources/dbo_source.php, line 524]
2009-08-07 14:19:39 Warning: Warning (512): <span style = "color:Red;text-align:left"><b>SQL Error:</b> 1062: Duplicate entry '\\FSOR01\119\11911.000_MADISONHOSPITAL' for key 2</span> in [CORE/cake/libs/model/datasources/dbo_source.php, line 524]
2009-08-07 14:19:39 Warning: Warning (512): <span style = "color:Red;text-align:left"><b>SQL Error:</b> 1062: Duplicate entry '\\FSOR01\119\11913.000_FAU' for key 2</span> in [CORE/cake/libs/model/datasources/dbo_source.php, line 524]
2009-08-07 14:19:39 Warning: Warning (512): <span style = "color:Red;text-align:left"><b>SQL Error:</b> 1062: Duplicate entry '\\FSOR01\119\11931_SOUTH LAKE WOMENS' for key 2</span> in [CORE/cake/libs/model/datasources/dbo_source.php, line 524]
2009-08-07 14:19:39 Warning: Warning (512): <span style = "color:Red;text-align:left"><b>SQL Error:</b> 1062: Duplicate entry '\\FSOR01\119\11941_MPH_BARNARD' for key 2</span> in [CORE/cake/libs/model/datasources/dbo_source.php, line 524]
2009-08-07 14:19:39 Warning: Warning (512): <span style = "color:Red;text-align:left"><b>SQL Error:</b> 1062: Duplicate entry '\\FSOR01\119\11954.999 MT DORA ART COMMONS' for key 2</span> in [CORE/cake/libs/model/datasources/dbo_source.php, line 524]
2009-08-07 14:19:39 Warning: Warning (512): <span style = "color:Red;text-align:left"><b>SQL Error:</b> 1062: Duplicate entry '\\FSOR01\119\11965_CMP' for key 2</span> in [CORE/cake/libs/model/datasources/dbo_source.php, line 524]
2009-08-07 14:19:39 Warning: Warning (512): <span style = "color:Red;text-align:left"><b>SQL Error:</b> 1062: Duplicate entry '\\FSOR01\119\11979_CNL_OVATION' for key 2</span> in [CORE/cake/libs/model/datasources/dbo_source.php, line 524]
2009-08-07 14:19:39 Warning: Warning (512): <span style = "color:Red;text-align:left"><b>SQL Error:</b> 1062: Duplicate entry '\\FSOR01\120\12009_FHEO_MASTER_PLAN' for key 2</span> in [CORE/cake/libs/model/datasources/dbo_source.php, line 524]
2009-08-07 14:19:39 Warning: Warning (512): <span style = "color:Red;text-align:left"><b>SQL Error:</b> 1062: Duplicate entry '\\FSOR01\120\12014_000_HMH_1500' for key 2</span> in [CORE/cake/libs/model/datasources/dbo_source.php, line 524]
2009-08-07 14:19:39 Warning: Warning (512): <span style = "color:Red;text-align:left"><b>SQL Error:</b> 1062: Duplicate entry '\\FSOR01\120\12014_001_HMH_1300' for key 2</span> in [CORE/cake/libs/model/datasources/dbo_source.php, line 524]
2009-08-07 14:19:39 Warning: Warning (512): <span style = "color:Red;text-align:left"><b>SQL Error:</b> 1062: Duplicate entry '\\FSOR01\120\12014_002_HMH1300_GENERATOR_ENCLOSURE' for key 2</span> in [CORE/cake/libs/model/datasources/dbo_source.php, line 524]
2009-08-07 14:19:39 Warning: Warning (512): <span style = "color:Red;text-align:left"><b>SQL Error:</b> 1062: Duplicate entry '\\FSOR01\120\12014_004_HMH_TECHNOLOGY' for key 2</span> in [CORE/cake/libs/model/datasources/dbo_source.php, line 524]
2009-08-07 14:19:39 Warning: Warning (512): <span style = "color:Red;text-align:left"><b>SQL Error:</b> 1062: Duplicate entry '\\FSOR01\120\12014_005_HMH1300_REVISIONS' for key 2</span> in [CORE/cake/libs/model/datasources/dbo_source.php, line 524]
2009-08-07 14:19:39 Warning: Warning (512): <span style = "color:Red;text-align:left"><b>SQL Error:</b> 1062: Duplicate entry '\\FSOR01\120\12014_006_HMH1500_REVISIONS' for key 2</span> in [CORE/cake/libs/model/datasources/dbo_source.php, line 524]
2009-08-07 14:19:39 Warning: Warning (512): <span style = "color:Red;text-align:left"><b>SQL Error:</b> 1062: Duplicate entry '\\FSOR01\120\12014_007_HMH1500_RESTACK' for key 2</span> in [CORE/cake/libs/model/datasources/dbo_source.php, line 524]
2009-08-07 14:19:39 Warning: Warning (512): <span style = "color:Red;text-align:left"><b>SQL Error:</b> 1062: Duplicate entry '\\FSOR01\120\12020_ANTIGUA' for key 2</span> in [CORE/cake/libs/model/datasources/dbo_source.php, line 524]
2009-08-07 14:19:39 Warning: Warning (512): <span style = "color:Red;text-align:left"><b>SQL Error:</b> 1062: Duplicate entry '\\FSOR01\120\12026.999_KING_EDWARD-BERMUDA' for key 2</span> in [CORE/cake/libs/model/datasources/dbo_source.php, line 524]
2009-08-07 14:19:39 Warning: Warning (512): <span style = "color:Red;text-align:left"><b>SQL Error:</b> 1062: Duplicate entry '\\FSOR01\120\12026_BERMUDA_HOSPITAL' for key 2</span> in [CORE/cake/libs/model/datasources/dbo_source.php, line 524]
2009-08-07 14:19:39 Warning: Warning (512): <span style = "color:Red;text-align:left"><b>SQL Error:</b> 1062: Duplicate entry '\\FSOR01\120\12037.000_PBCH_SURGERY' for key 2</span> in [CORE/cake/libs/model/datasources/dbo_source.php, line 524]
2009-08-07 14:19:39 Warning: Warning (512): <span style = "color:Red;text-align:left"><b>SQL Error:</b> 1062: Duplicate entry '\\FSOR01\120\12059_COLONIAL_BANK' for key 2</span> in [CORE/cake/libs/model/datasources/dbo_source.php, line 524]
2009-08-07 14:19:39 Warning: Warning (512): <span style = "color:Red;text-align:left"><b>SQL Error:</b> 1062: Duplicate entry '\\FSOR01\120\12072_ADVENTIST_HEALTH_REGIONAL_HQ_CAMPUS' for key 2</span> in [CORE/cake/libs/model/datasources/dbo_source.php, line 524]
2009-08-07 14:19:39 Warning: Warning (512): <span style = "color:Red;text-align:left"><b>SQL Error:</b> 1062: Duplicate entry '\\FSOR01\120\12075_PARRISH_MEDICAL_OFFICES_PLANNING' for key 2</span> in [CORE/cake/libs/model/datasources/dbo_source.php, line 524]
2009-08-07 14:19:39 Warning: Warning (512): <span style = "color:Red;text-align:left"><b>SQL Error:</b> 1062: Duplicate entry '\\FSOR01\120\12076_CFHA_PLANNING' for key 2</span> in [CORE/cake/libs/model/datasources/dbo_source.php, line 524]
2009-08-07 14:19:39 Warning: Warning (512): <span style = "color:Red;text-align:left"><b>SQL Error:</b> 1062: Duplicate entry '\\FSOR01\120\12079.000_DPPH_EXISTING_SIGNAGE' for key 2</span> in [CORE/cake/libs/model/datasources/dbo_source.php, line 524]
2009-08-07 14:19:39 Warning: Warning (512): <span style = "color:Red;text-align:left"><b>SQL Error:</b> 1062: Duplicate entry '\\FSOR01\121\12181.000_CCH_ICU' for key 2</span> in [CORE/cake/libs/model/datasources/dbo_source.php, line 524]
2009-08-07 14:19:39 Warning: Warning (512): <span style = "color:Red;text-align:left"><b>SQL Error:</b> 1062: Duplicate entry '\\FSOR01\121\12184_SWANBALLROOM' for key 2</span> in [CORE/cake/libs/model/datasources/dbo_source.php, line 524]
2009-08-07 14:19:39 Warning: Warning (512): <span style = "color:Red;text-align:left"><b>SQL Error:</b> 1062: Duplicate entry '\\FSOR01\122\12229.000_LRMC_REFACE' for key 2</span> in [CORE/cake/libs/model/datasources/dbo_source.php, line 524]
2009-08-07 14:19:39 Warning: Warning (512): <span style = "color:Red;text-align:left"><b>SQL Error:</b> 1062: Duplicate entry '\\FSOR01\122\12243.000_LRMC_FINISH_STANDARDS' for key 2</span> in [CORE/cake/libs/model/datasources/dbo_source.php, line 524]
2009-08-07 14:19:39 Warning: Warning (512): <span style = "color:Red;text-align:left"><b>SQL Error:</b> 1062: Duplicate entry '\\FSOR01\122\12250.000_ZKS_DYNETECH' for key 2</span> in [CORE/cake/libs/model/datasources/dbo_source.php, line 524]
2009-08-07 14:19:39 Warning: Warning (512): <span style = "color:Red;text-align:left"><b>SQL Error:</b> 1062: Duplicate entry '\\FSOR01\123\12338.000_LRMCDAYCARE' for key 2</span> in [CORE/cake/libs/model/datasources/dbo_source.php, line 524]
2009-08-07 14:19:39 Warning: Warning (512): <span style = "color:Red;text-align:left"><b>SQL Error:</b> 1062: Duplicate entry '\\FSOR01\123\12352.000_LRMCWESTEXPANSIONPLANNING' for key 2</span> in [CORE/cake/libs/model/datasources/dbo_source.php, line 524]
2009-08-07 14:19:39 Warning: Warning (512): <span style = "color:Red;text-align:left"><b>SQL Error:</b> 1062: Duplicate entry '\\FSOR01\124\12405.000_CCH_NUC_MED' for key 2</span> in [CORE/cake/libs/model/datasources/dbo_source.php, line 524]
2009-08-07 14:19:39 Warning: Warning (512): <span style = "color:Red;text-align:left"><b>SQL Error:</b> 1062: Duplicate entry '\\FSOR01\124\12411.000_WICKER_SMITH_BOFA' for key 2</span> in [CORE/cake/libs/model/datasources/dbo_source.php, line 524]
2009-08-07 14:19:39 Warning: Warning (512): <span style = "color:Red;text-align:left"><b>SQL Error:</b> 1062: Duplicate entry '\\FSOR01\124\12417.999_EDEN_MEDICAL' for key 2</span> in [CORE/cake/libs/model/datasources/dbo_source.php, line 524]
2009-08-07 14:19:39 Warning: Warning (512): <span style = "color:Red;text-align:left"><b>SQL Error:</b> 1062: Duplicate entry '\\FSOR01\124\12467.999_HRMC_KITCHEN_RENOVATON' for key 2</span> in [CORE/cake/libs/model/datasources/dbo_source.php, line 524]
2009-08-07 14:19:39 Warning: Warning (512): <span style = "color:Red;text-align:left"><b>SQL Error:</b> 1062: Duplicate entry '\\FSOR01\124\12468.999_LEESAR' for key 2</span> in [CORE/cake/libs/model/datasources/dbo_source.php, line 524]
2009-08-07 14:19:39 Warning: Warning (512): <span style = "color:Red;text-align:left"><b>SQL Error:</b> 1062: Duplicate entry '\\FSOR01\125\12518.000_PARRISHURGENTCARE' for key 2</span> in [CORE/cake/libs/model/datasources/dbo_source.php, line 524]
2009-08-07 14:19:39 Warning: Warning (512): <span style = "color:Red;text-align:left"><b>SQL Error:</b> 1062: Duplicate entry '\\FSOR01\125\12531.000_TALLADEGA' for key 2</span> in [CORE/cake/libs/model/datasources/dbo_source.php, line 524]
2009-08-07 14:19:39 Warning: Warning (512): <span style = "color:Red;text-align:left"><b>SQL Error:</b> 1062: Duplicate entry '\\FSOR01\125\12537.000_MODUS_SALES_CENTER' for key 2</span> in [CORE/cake/libs/model/datasources/dbo_source.php, line 524]
2009-08-07 14:19:39 Warning: Warning (512): <span style = "color:Red;text-align:left"><b>SQL Error:</b> 1062: Duplicate entry '\\FSOR01\125\12564.000_LOWELL_RECEPTION_CENTER' for key 2</span> in [CORE/cake/libs/model/datasources/dbo_source.php, line 524]
2009-08-07 14:19:39 Warning: Warning (512): <span style = "color:Red;text-align:left"><b>SQL Error:</b> 1062: Duplicate entry '\\FSOR01\125\12581.000_ZKS_OOC' for key 2</span> in [CORE/cake/libs/model/datasources/dbo_source.php, line 524]
2009-08-07 14:19:39 Warning: Warning (512): <span style = "color:Red;text-align:left"><b>SQL Error:</b> 1062: Duplicate entry '\\FSOR01\125\12584.000_ZKS_BALDWIN' for key 2</span> in [CORE/cake/libs/model/datasources/dbo_source.php, line 524]
2009-08-07 14:19:39 Warning: Warning (512): <span style = "color:Red;text-align:left"><b>SQL Error:</b> 1062: Duplicate entry '\\FSOR01\125\12672_MODUS_BUSINESS_DEVELOPMENT_ASSISTANCE' for key 2</span> in [CORE/cake/libs/model/datasources/dbo_source.php, line 524]
2009-08-07 14:19:39 Warning: Warning (512): <span style = "color:Red;text-align:left"><b>SQL Error:</b> 1062: Duplicate entry '\\FSOR01\126\12611.999_SJH_BIG_BEND' for key 2</span> in [CORE/cake/libs/model/datasources/dbo_source.php, line 524]
2009-08-07 14:19:39 Warning: Warning (512): <span style = "color:Red;text-align:left"><b>SQL Error:</b> 1062: Duplicate entry '\\FSOR01\126\12623.000_HRMC_CATH_5' for key 2</span> in [CORE/cake/libs/model/datasources/dbo_source.php, line 524]
2009-08-07 14:19:39 Warning: Warning (512): <span style = "color:Red;text-align:left"><b>SQL Error:</b> 1062: Duplicate entry '\\FSOR01\126\12628.999_LAKESHORE' for key 2</span> in [CORE/cake/libs/model/datasources/dbo_source.php, line 524]
2009-08-07 14:19:39 Warning: Warning (512): <span style = "color:Red;text-align:left"><b>SQL Error:</b> 1062: Duplicate entry '\\FSOR01\126\12634_WICKERSMITH_EOLACAPITAL' for key 2</span> in [CORE/cake/libs/model/datasources/dbo_source.php, line 524]
2009-08-07 14:19:39 Warning: Warning (512): <span style = "color:Red;text-align:left"><b>SQL Error:</b> 1062: Duplicate entry '\\FSOR01\126\12635_WICKERSMITH_LINCOLN' for key 2</span> in [CORE/cake/libs/model/datasources/dbo_source.php, line 524]
2009-08-07 14:19:39 Warning: Warning (512): <span style = "color:Red;text-align:left"><b>SQL Error:</b> 1062: Duplicate entry '\\FSOR01\126\12640.000_WICKERSMITH_PIZZUTI' for key 2</span> in [CORE/cake/libs/model/datasources/dbo_source.php, line 524]
2009-08-07 14:19:39 Warning: Warning (512): <span style = "color:Red;text-align:left"><b>SQL Error:</b> 1062: Duplicate entry '\\FSOR01\126\12672_MODUSVZHOSPITAL' for key 2</span> in [CORE/cake/libs/model/datasources/dbo_source.php, line 524]
2009-08-07 14:19:39 Warning: Warning (512): <span style = "color:Red;text-align:left"><b>SQL Error:</b> 1062: Duplicate entry '\\FSOR01\129\12915.000_ZKS_SUNTRUST' for key 2</span> in [CORE/cake/libs/model/datasources/dbo_source.php, line 524]
2009-08-07 14:19:39 Warning: Warning (512): <span style = "color:Red;text-align:left"><b>SQL Error:</b> 1062: Duplicate entry '\\FSOR01\129\12916.000_WICKERSMITH_SUNTRUST' for key 2</span> in [CORE/cake/libs/model/datasources/dbo_source.php, line 524]
2009-08-07 14:19:39 Warning: Warning (512): <span style = "color:Red;text-align:left"><b>SQL Error:</b> 1062: Duplicate entry '\\FSOR01\129\12923.000_ORMCHEARTPLANNING' for key 2</span> in [CORE/cake/libs/model/datasources/dbo_source.php, line 524]
2009-08-07 14:19:39 Warning: Warning (512): <span style = "color:Red;text-align:left"><b>SQL Error:</b> 1062: Duplicate entry '\\FSOR01\129\12930_ZKS_TOWERPLACE' for key 2</span> in [CORE/cake/libs/model/datasources/dbo_source.php, line 524]
2009-08-07 14:19:39 Warning: Warning (512): <span style = "color:Red;text-align:left"><b>SQL Error:</b> 1062: Duplicate entry '\\FSOR01\129\12972.999_DPHRADIATIONTREATMENTSTUDIES' for key 2</span> in [CORE/cake/libs/model/datasources/dbo_source.php, line 524]
2009-08-07 14:19:39 Warning: Warning (512): <span style = "color:Red;text-align:left"><b>SQL Error:</b> 1062: Duplicate entry '\\FSOR01\130\13026_ACCESS_MEDIQUIP' for key 2</span> in [CORE/cake/libs/model/datasources/dbo_source.php, line 524]
2009-08-07 14:19:39 Warning: Warning (512): <span style = "color:Red;text-align:left"><b>SQL Error:</b> 1062: Duplicate entry '\\FSOR01\69\6954' for key 2</span> in [CORE/cake/libs/model/datasources/dbo_source.php, line 524]
2009-08-07 14:19:39 Warning: Warning (512): <span style = "color:Red;text-align:left"><b>SQL Error:</b> 1062: Duplicate entry '\\FSOR01\79\7950' for key 2</span> in [CORE/cake/libs/model/datasources/dbo_source.php, line 524]
2009-08-07 14:19:39 Warning: Warning (512): <span style = "color:Red;text-align:left"><b>SQL Error:</b> 1062: Duplicate entry '\\FSOR01\82\8211-BAYFRONTSURGERYEXPANSION' for key 2</span> in [CORE/cake/libs/model/datasources/dbo_source.php, line 524]
2009-08-07 14:19:39 Warning: Warning (512): <span style = "color:Red;text-align:left"><b>SQL Error:</b> 1062: Duplicate entry '\\FSOR01\82\8236' for key 2</span> in [CORE/cake/libs/model/datasources/dbo_source.php, line 524]
2009-08-07 14:19:39 Warning: Warning (512): <span style = "color:Red;text-align:left"><b>SQL Error:</b> 1062: Duplicate entry '\\FSOR01\83\8301' for key 2</span> in [CORE/cake/libs/model/datasources/dbo_source.php, line 524]
2009-08-07 14:19:39 Warning: Warning (512): <span style = "color:Red;text-align:left"><b>SQL Error:</b> 1062: Duplicate entry '\\FSOR01\84\8459_PALM_BAY' for key 2</span> in [CORE/cake/libs/model/datasources/dbo_source.php, line 524]
2009-08-07 14:19:39 Warning: Warning (512): <span style = "color:Red;text-align:left"><b>SQL Error:</b> 1062: Duplicate entry '\\FSOR01\85\8559' for key 2</span> in [CORE/cake/libs/model/datasources/dbo_source.php, line 524]
2009-08-07 14:19:39 Warning: Warning (512): <span style = "color:Red;text-align:left"><b>SQL Error:</b> 1062: Duplicate entry '\\FSOR01\85\8577' for key 2</span> in [CORE/cake/libs/model/datasources/dbo_source.php, line 524]
2009-08-07 14:19:39 Warning: Warning (512): <span style = "color:Red;text-align:left"><b>SQL Error:</b> 1062: Duplicate entry '\\FSOR01\85\8588_COACHELLA' for key 2</span> in [CORE/cake/libs/model/datasources/dbo_source.php, line 524]
2009-08-07 14:19:39 Warning: Warning (512): <span style = "color:Red;text-align:left"><b>SQL Error:</b> 1062: Duplicate entry '\\FSOR01\85\8592' for key 2</span> in [CORE/cake/libs/model/datasources/dbo_source.php, line 524]
2009-08-07 14:19:39 Warning: Warning (512): <span style = "color:Red;text-align:left"><b>SQL Error:</b> 1062: Duplicate entry '\\FSOR01\86\8616' for key 2</span> in [CORE/cake/libs/model/datasources/dbo_source.php, line 524]
2009-08-07 14:19:39 Warning: Warning (512): <span style = "color:Red;text-align:left"><b>SQL Error:</b> 1062: Duplicate entry '\\FSOR01\86\8664' for key 2</span> in [CORE/cake/libs/model/datasources/dbo_source.php, line 524]
2009-08-07 14:19:39 Warning: Warning (512): <span style = "color:Red;text-align:left"><b>SQL Error:</b> 1062: Duplicate entry '\\FSOR01\86\8687' for key 2</span> in [CORE/cake/libs/model/datasources/dbo_source.php, line 524]
2009-08-07 14:19:39 Warning: Warning (512): <span style = "color:Red;text-align:left"><b>SQL Error:</b> 1062: Duplicate entry '\\FSOR01\86\8688' for key 2</span> in [CORE/cake/libs/model/datasources/dbo_source.php, line 524]
2009-08-07 14:19:39 Warning: Warning (512): <span style = "color:Red;text-align:left"><b>SQL Error:</b> 1062: Duplicate entry '\\FSOR01\86\8697' for key 2</span> in [CORE/cake/libs/model/datasources/dbo_source.php, line 524]
2009-08-07 14:19:39 Warning: Warning (512): <span style = "color:Red;text-align:left"><b>SQL Error:</b> 1062: Duplicate entry '\\FSOR01\87\8713' for key 2</span> in [CORE/cake/libs/model/datasources/dbo_source.php, line 524]
2009-08-07 14:19:39 Warning: Warning (512): <span style = "color:Red;text-align:left"><b>SQL Error:</b> 1062: Duplicate entry '\\FSOR01\87\8777_CNLII' for key 2</span> in [CORE/cake/libs/model/datasources/dbo_source.php, line 524]
2009-08-07 14:19:39 Warning: Warning (512): <span style = "color:Red;text-align:left"><b>SQL Error:</b> 1062: Duplicate entry '\\FSOR01\87\8778' for key 2</span> in [CORE/cake/libs/model/datasources/dbo_source.php, line 524]
2009-08-07 14:19:39 Warning: Warning (512): <span style = "color:Red;text-align:left"><b>SQL Error:</b> 1062: Duplicate entry '\\FSOR01\89\8900-FLAHOSPEASTTOWER' for key 2</span> in [CORE/cake/libs/model/datasources/dbo_source.php, line 524]
2009-08-07 14:19:39 Warning: Warning (512): <span style = "color:Red;text-align:left"><b>SQL Error:</b> 1062: Duplicate entry '\\FSOR01\89\8954_BAYFRONT_HEART' for key 2</span> in [CORE/cake/libs/model/datasources/dbo_source.php, line 524]
2009-08-07 14:19:39 Warning: Warning (512): <span style = "color:Red;text-align:left"><b>SQL Error:</b> 1062: Duplicate entry '\\FSOR01\89\8961_SIESTA' for key 2</span> in [CORE/cake/libs/model/datasources/dbo_source.php, line 524]
2009-08-07 14:19:39 Warning: Warning (512): <span style = "color:Red;text-align:left"><b>SQL Error:</b> 1062: Duplicate entry '\\FSOR01\90\9021_FFVA' for key 2</span> in [CORE/cake/libs/model/datasources/dbo_source.php, line 524]
2009-08-07 14:19:39 Warning: Warning (512): <span style = "color:Red;text-align:left"><b>SQL Error:</b> 1062: Duplicate entry '\\FSOR01\90\9044_HIGHWOODS' for key 2</span> in [CORE/cake/libs/model/datasources/dbo_source.php, line 524]
2009-08-07 14:19:39 Warning: Warning (512): <span style = "color:Red;text-align:left"><b>SQL Error:</b> 1062: Duplicate entry '\\FSOR01\90\9072' for key 2</span> in [CORE/cake/libs/model/datasources/dbo_source.php, line 524]
2009-08-07 14:19:39 Warning: Warning (512): <span style = "color:Red;text-align:left"><b>SQL Error:</b> 1062: Duplicate entry '\\FSOR01\91\9153_LRMCMISC' for key 2</span> in [CORE/cake/libs/model/datasources/dbo_source.php, line 524]
2009-08-07 14:19:39 Warning: Warning (512): <span style = "color:Red;text-align:left"><b>SQL Error:</b> 1062: Duplicate entry '\\FSOR01\91\9172_RICHMOND_BALLPARK' for key 2</span> in [CORE/cake/libs/model/datasources/dbo_source.php, line 524]
2009-08-07 14:19:39 Warning: Warning (512): <span style = "color:Red;text-align:left"><b>SQL Error:</b> 1062: Duplicate entry '\\FSOR01\91\9174_HENRICO_BASEBALL' for key 2</span> in [CORE/cake/libs/model/datasources/dbo_source.php, line 524]
2009-08-07 14:19:39 Warning: Warning (512): <span style = "color:Red;text-align:left"><b>SQL Error:</b> 1062: Duplicate entry '\\FSOR01\92\9294' for key 2</span> in [CORE/cake/libs/model/datasources/dbo_source.php, line 524]
2009-08-07 14:19:39 Warning: Warning (512): <span style = "color:Red;text-align:left"><b>SQL Error:</b> 1062: Duplicate entry '\\FSOR01\92\9299_PARRISH' for key 2</span> in [CORE/cake/libs/model/datasources/dbo_source.php, line 524]
2009-08-07 14:19:39 Warning: Warning (512): <span style = "color:Red;text-align:left"><b>SQL Error:</b> 1062: Duplicate entry '\\FSOR01\93\9323_VERANDA' for key 2</span> in [CORE/cake/libs/model/datasources/dbo_source.php, line 524]
2009-08-07 14:19:39 Warning: Warning (512): <span style = "color:Red;text-align:left"><b>SQL Error:</b> 1062: Duplicate entry '\\FSOR01\93\9337_BAYFRONT_OB' for key 2</span> in [CORE/cake/libs/model/datasources/dbo_source.php, line 524]
2009-08-07 14:19:39 Warning: Warning (512): <span style = "color:Red;text-align:left"><b>SQL Error:</b> 1062: Duplicate entry '\\FSOR01\93\9341_SOUTHLAKEED' for key 2</span> in [CORE/cake/libs/model/datasources/dbo_source.php, line 524]
2009-08-07 14:19:39 Warning: Warning (512): <span style = "color:Red;text-align:left"><b>SQL Error:</b> 1062: Duplicate entry '\\FSOR01\93\9365_CNLII_INTERIORS' for key 2</span> in [CORE/cake/libs/model/datasources/dbo_source.php, line 524]
2009-08-07 14:19:39 Warning: Warning (512): <span style = "color:Red;text-align:left"><b>SQL Error:</b> 1062: Duplicate entry '\\FSOR01\94\9434_DORAL' for key 2</span> in [CORE/cake/libs/model/datasources/dbo_source.php, line 524]
2009-08-07 14:19:39 Warning: Warning (512): <span style = "color:Red;text-align:left"><b>SQL Error:</b> 1062: Duplicate entry '\\FSOR01\96\9619' for key 2</span> in [CORE/cake/libs/model/datasources/dbo_source.php, line 524]
2009-08-07 14:19:39 Warning: Warning (512): <span style = "color:Red;text-align:left"><b>SQL Error:</b> 1062: Duplicate entry '\\FSOR01\96\9655' for key 2</span> in [CORE/cake/libs/model/datasources/dbo_source.php, line 524]
2009-08-07 14:19:39 Warning: Warning (512): <span style = "color:Red;text-align:left"><b>SQL Error:</b> 1062: Duplicate entry '\\FSOR01\96\9658_USF_TGH' for key 2</span> in [CORE/cake/libs/model/datasources/dbo_source.php, line 524]
2009-08-07 14:19:39 Warning: Warning (512): <span style = "color:Red;text-align:left"><b>SQL Error:</b> 1062: Duplicate entry '\\FSOR01\96\9661_TIMEWARNER' for key 2</span> in [CORE/cake/libs/model/datasources/dbo_source.php, line 524]
2009-08-07 14:19:39 Warning: Warning (512): <span style = "color:Red;text-align:left"><b>SQL Error:</b> 1062: Duplicate entry '\\FSOR01\96\9678_GLADE' for key 2</span> in [CORE/cake/libs/model/datasources/dbo_source.php, line 524]
2009-08-07 14:19:39 Warning: Warning (512): <span style = "color:Red;text-align:left"><b>SQL Error:</b> 1062: Duplicate entry '\\FSOR01\96\9695_BOCARATONCOMMHOSPITAL' for key 2</span> in [CORE/cake/libs/model/datasources/dbo_source.php, line 524]
2009-08-07 14:19:39 Warning: Warning (512): <span style = "color:Red;text-align:left"><b>SQL Error:</b> 1062: Duplicate entry '\\FSOR01\97\9729' for key 2</span> in [CORE/cake/libs/model/datasources/dbo_source.php, line 524]
2009-08-07 14:19:39 Warning: Warning (512): <span style = "color:Red;text-align:left"><b>SQL Error:</b> 1062: Duplicate entry '\\FSOR01\97\9742' for key 2</span> in [CORE/cake/libs/model/datasources/dbo_source.php, line 524]
2009-08-07 14:19:39 Warning: Warning (512): <span style = "color:Red;text-align:left"><b>SQL Error:</b> 1062: Duplicate entry '\\FSOR01\97\9762_FT_MYERS' for key 2</span> in [CORE/cake/libs/model/datasources/dbo_source.php, line 524]
2009-08-07 14:19:39 Warning: Warning (512): <span style = "color:Red;text-align:left"><b>SQL Error:</b> 1062: Duplicate entry '\\FSOR01\97\9782_DALLAS_ME' for key 2</span> in [CORE/cake/libs/model/datasources/dbo_source.php, line 524]
2009-08-07 14:19:39 Warning: Warning (512): <span style = "color:Red;text-align:left"><b>SQL Error:</b> 1062: Duplicate entry '\\FSOR01\97\9795' for key 2</span> in [CORE/cake/libs/model/datasources/dbo_source.php, line 524]
2009-08-07 14:19:39 Warning: Warning (512): <span style = "color:Red;text-align:left"><b>SQL Error:</b> 1062: Duplicate entry '\\FSOR01\98\9801_DTP' for key 2</span> in [CORE/cake/libs/model/datasources/dbo_source.php, line 524]
2009-08-07 14:19:39 Warning: Warning (512): <span style = "color:Red;text-align:left"><b>SQL Error:</b> 1062: Duplicate entry '\\FSOR01\98\9850' for key 2</span> in [CORE/cake/libs/model/datasources/dbo_source.php, line 524]
2009-08-07 14:19:39 Warning: Warning (512): <span style = "color:Red;text-align:left"><b>SQL Error:</b> 1062: Duplicate entry '\\FSOR01\98\9857_001_SOUTH_JERSEY' for key 2</span> in [CORE/cake/libs/model/datasources/dbo_source.php, line 524]
2009-08-07 14:19:39 Warning: Warning (512): <span style = "color:Red;text-align:left"><b>SQL Error:</b> 1062: Duplicate entry '\\FSOR01\98\9895_000_CNLIRESTACK' for key 2</span> in [CORE/cake/libs/model/datasources/dbo_source.php, line 524]
2009-08-07 14:19:39 Warning: Warning (512): <span style = "color:Red;text-align:left"><b>SQL Error:</b> 1062: Duplicate entry '\\FSOR01\98\9895_001_CNLJDS' for key 2</span> in [CORE/cake/libs/model/datasources/dbo_source.php, line 524]
2009-08-07 14:19:39 Warning: Warning (512): <span style = "color:Red;text-align:left"><b>SQL Error:</b> 1062: Duplicate entry '\\FSOR01\98\9895_002_CNLI_12FL' for key 2</span> in [CORE/cake/libs/model/datasources/dbo_source.php, line 524]
2009-08-07 14:19:39 Warning: Warning (512): <span style = "color:Red;text-align:left"><b>SQL Error:</b> 1062: Duplicate entry '\\FSOR01\98\9895_003_CRED' for key 2</span> in [CORE/cake/libs/model/datasources/dbo_source.php, line 524]
2009-08-07 14:19:39 Warning: Warning (512): <span style = "color:Red;text-align:left"><b>SQL Error:</b> 1062: Duplicate entry '\\FSOR01\98\9895_004_JDS_ADDSERV' for key 2</span> in [CORE/cake/libs/model/datasources/dbo_source.php, line 524]
2009-08-07 14:19:39 Warning: Warning (512): <span style = "color:Red;text-align:left"><b>SQL Error:</b> 1062: Duplicate entry '\\FSOR01\98\9895_005_CNL_DAVINCI' for key 2</span> in [CORE/cake/libs/model/datasources/dbo_source.php, line 524]
2009-08-07 14:19:39 Warning: Warning (512): <span style = "color:Red;text-align:left"><b>SQL Error:</b> 1062: Duplicate entry '\\FSOR01\98\9895_006_CNL14RENOV' for key 2</span> in [CORE/cake/libs/model/datasources/dbo_source.php, line 524]
2009-08-07 14:19:39 Warning: Warning (512): <span style = "color:Red;text-align:left"><b>SQL Error:</b> 1062: Duplicate entry '\\FSOR01\98\9895_007_JDS_ACCOUNTING' for key 2</span> in [CORE/cake/libs/model/datasources/dbo_source.php, line 524]
2009-08-07 14:19:39 Warning: Warning (512): <span style = "color:Red;text-align:left"><b>SQL Error:</b> 1062: Duplicate entry '\\FSOR01\98\9895_008_CNL13RENOV' for key 2</span> in [CORE/cake/libs/model/datasources/dbo_source.php, line 524]
2009-08-07 14:19:39 Warning: Warning (512): <span style = "color:Red;text-align:left"><b>SQL Error:</b> 1062: Duplicate entry '\\FSOR01\99\9916' for key 2</span> in [CORE/cake/libs/model/datasources/dbo_source.php, line 524]
2009-08-07 14:19:39 Warning: Warning (512): <span style = "color:Red;text-align:left"><b>SQL Error:</b> 1062: Duplicate entry '\\FSOR01\99\9920' for key 2</span> in [CORE/cake/libs/model/datasources/dbo_source.php, line 524]
2009-08-07 14:19:39 Warning: Warning (512): <span style = "color:Red;text-align:left"><b>SQL Error:</b> 1062: Duplicate entry '\\FSOR01\99\9930' for key 2</span> in [CORE/cake/libs/model/datasources/dbo_source.php, line 524]
2009-08-07 14:19:39 Warning: Warning (512): <span style = "color:Red;text-align:left"><b>SQL Error:</b> 1062: Duplicate entry '\\FSOR01\99\9931' for key 2</span> in [CORE/cake/libs/model/datasources/dbo_source.php, line 524]
2009-08-07 14:19:39 Warning: Warning (512): <span style = "color:Red;text-align:left"><b>SQL Error:</b> 1062: Duplicate entry '\\FSOR01\99\9938' for key 2</span> in [CORE/cake/libs/model/datasources/dbo_source.php, line 524]
2009-08-07 14:19:39 Warning: Warning (512): <span style = "color:Red;text-align:left"><b>SQL Error:</b> 1062: Duplicate entry '\\FSOR01\99\9951_VPB3' for key 2</span> in [CORE/cake/libs/model/datasources/dbo_source.php, line 524]
2009-08-07 14:19:39 Warning: Warning (512): <span style = "color:Red;text-align:left"><b>SQL Error:</b> 1062: Duplicate entry '\\FSOR01\99\9952_WESTENDGARAGE' for key 2</span> in [CORE/cake/libs/model/datasources/dbo_source.php, line 524]
2009-08-07 14:19:39 Warning: Warning (512): <span style = "color:Red;text-align:left"><b>SQL Error:</b> 1062: Duplicate entry '\\FSOR01\99\9972' for key 2</span> in [CORE/cake/libs/model/datasources/dbo_source.php, line 524]
2009-08-07 16:58:26 Warning: Warning (512): <span style = "color:Red;text-align:left"><b>SQL Error:</b> 1054: Unknown column 'Array' in 'field list'</span> in [CORE/cake/libs/model/datasources/dbo_source.php, line 524]
2009-08-07 16:59:24 Warning: Warning (512): <span style = "color:Red;text-align:left"><b>SQL Error:</b> 1054: Unknown column 'Array' in 'field list'</span> in [CORE/cake/libs/model/datasources/dbo_source.php, line 524]
2009-08-07 16:59:47 Warning: Warning (512): <span style = "color:Red;text-align:left"><b>SQL Error:</b> 1048: Column 'project_id' cannot be null</span> in [CORE/cake/libs/model/datasources/dbo_source.php, line 524]
2009-08-07 17:00:02 Warning: Warning (512): <span style = "color:Red;text-align:left"><b>SQL Error:</b> 1048: Column 'project_id' cannot be null</span> in [CORE/cake/libs/model/datasources/dbo_source.php, line 524]
2009-08-07 17:00:22 Warning: Warning (512): <span style = "color:Red;text-align:left"><b>SQL Error:</b> 1048: Column 'project_id' cannot be null</span> in [CORE/cake/libs/model/datasources/dbo_source.php, line 524]
2009-08-10 10:00:01 Warning: Warning (2): fopen(/var/www/quotas/app/tmp/quota/Quota.xml) [<a href='http://php.net/function.fopen'>function.fopen</a>]: failed to open stream: No such file or directory in [APP/controllers/parse_controller.php, line 14]
2009-08-10 10:00:01 Warning: Warning (2): filesize() [<a href='http://php.net/function.filesize'>function.filesize</a>]: stat failed for /var/www/quotas/app/tmp/quota/Quota.xml in [APP/controllers/parse_controller.php, line 15]
2009-08-10 10:00:01 Warning: Warning (2): fread(): supplied argument is not a valid stream resource in [APP/controllers/parse_controller.php, line 15]
2009-08-10 10:00:01 Warning: Warning (512): <span style = "color:Red;text-align:left"><b>SQL Error:</b> 1048: Column 'server' cannot be null</span> in [CORE/cake/libs/model/datasources/dbo_source.php, line 524]
2009-08-10 10:00:01 Warning: Warning (2): Invalid argument supplied for foreach() in [APP/controllers/parse_controller.php, line 30]
2009-08-10 14:35:01 Warning: Warning (512): <span style = "color:Red;text-align:left"><b>SQL Error:</b> 1048: Column 'consumed' cannot be null</span> in [CORE/cake/libs/model/datasources/dbo_source.php, line 524]
2009-08-11 09:10:01 Warning: Warning (512): <span style = "color:Red;text-align:left"><b>SQL Error:</b> 1048: Column 'consumed' cannot be null</span> in [CORE/cake/libs/model/datasources/dbo_source.php, line 524]
2009-08-11 11:36:36 Warning: Warning (512): Method UnitsHelper::demon does not exist in [CORE/cake/libs/view/helper.php, line 143]
2009-08-11 11:37:13 Warning: Warning (512): Method UnitsHelper::demon does not exist in [CORE/cake/libs/view/helper.php, line 143]
2009-08-11 11:37:33 Warning: Warning (512): Method UnitsHelper::denom does not exist in [CORE/cake/libs/view/helper.php, line 143]
2009-08-11 11:38:03 Warning: Warning (512): Method UnitsHelper::denom does not exist in [CORE/cake/libs/view/helper.php, line 143]
2009-08-11 11:38:11 Warning: Warning (512): Method UnitsHelper::denom does not exist in [CORE/cake/libs/view/helper.php, line 143]
2009-08-11 11:39:11 Warning: Warning (512): Method UnitsHelper::denom does not exist in [CORE/cake/libs/view/helper.php, line 143]
2009-08-11 11:39:34 Warning: Warning (512): Method UnitsHelper::denom does not exist in [CORE/cake/libs/view/helper.php, line 143]
2009-08-11 11:39:47 Warning: Warning (512): Method UnitsHelper::denom does not exist in [CORE/cake/libs/view/helper.php, line 143]
2009-08-11 11:40:03 Warning: Warning (512): Method UnitsHelper::denom does not exist in [CORE/cake/libs/view/helper.php, line 143]
2009-08-11 11:40:29 Warning: Warning (512): Method UnitsHelper::denom does not exist in [CORE/cake/libs/view/helper.php, line 143]
2009-08-11 14:58:25 Warning: Warning (2): Missing argument 3 for Quota::getRange(), called in /var/www/quotas/app/controllers/projects_controller.php on line 31 and defined in [APP/models/quota.php, line 24]
2009-08-11 17:05:14 Warning: Warning (2): date() expects at most 2 parameters, 3 given in [APP/controllers/projects_controller.php, line 38]
2009-08-12 17:05:54 Warning: Warning (2): Wrong parameter count for ceil() in [APP/views/projects/details.ctp, line 48]
2009-08-12 17:05:54 Warning: Warning (2): Wrong parameter count for ceil() in [APP/views/projects/details.ctp, line 51]
2009-08-12 17:07:14 Warning: Warning (2): Wrong parameter count for ceil() in [APP/views/projects/details.ctp, line 51]
2009-08-13 09:31:24 Warning: Warning (512): <span style = "color:Red;text-align:left"><b>SQL Error:</b> 1054: Unknown column 'quotas.consumed' in 'field list'</span> in [CORE/cake/libs/model/datasources/dbo_source.php, line 524]
2009-08-13 09:32:07 Warning: Warning (512): <span style = "color:Red;text-align:left"><b>SQL Error:</b> 1054: Unknown column 'quotas.project_id' in 'where clause'</span> in [CORE/cake/libs/model/datasources/dbo_source.php, line 524]
2009-08-13 10:44:00 Warning: Warning (2): money_format() expects exactly 2 parameters, 3 given in [APP/views/projects/details.ctp, line 67]
2009-08-13 14:03:01 Warning: Warning (2): Division by zero in [APP/views/projects/index.ctp, line 21]
2009-08-13 15:01:41 Warning: Warning (2): Cannot modify header information - headers already sent by (output started at /var/www/quotas/cake/basics.php:111) in [CORE/cake/libs/error.php, line 150]
2009-08-13 15:01:41 Warning: Warning (2): Cannot modify header information - headers already sent by (output started at /var/www/quotas/cake/basics.php:111) in [CORE/cake/libs/error.php, line 150]
2009-08-14 10:36:43 Warning: Warning (2): Invalid argument supplied for foreach() in [APP/views/projects/xml/project_data.ctp, line 3]
2009-08-14 10:36:43 Warning: Warning (2): Invalid argument supplied for foreach() in [APP/views/projects/xml/project_data.ctp, line 9]
2009-08-14 10:37:07 Warning: Warning (2): Cannot modify header information - headers already sent by (output started at /var/www/quotas/cake/basics.php:111) in [CORE/cake/libs/error.php, line 150]
2009-08-17 11:46:16 Warning: Warning (2): Division by zero in [APP/views/projects/details.ctp, line 35]
2009-08-17 11:46:16 Warning: Warning (2): Division by zero in [APP/views/projects/details.ctp, line 57]
2009-08-17 13:40:00 Warning: Warning (512): Controller::paginate() - can't find model Projects in controller ProjectsController in [CORE/cake/libs/controller/controller.php, line 976]
2009-08-17 13:40:00 Warning: Warning (512): Controller::paginate() - can't find model Projects in controller ProjectsController in [CORE/cake/libs/controller/controller.php, line 976]
2009-08-17 13:47:06 Warning: Warning (2): Division by zero in [APP/views/projects/test.ctp, line 21]
2009-08-17 13:47:23 Warning: Warning (2): Division by zero in [APP/views/projects/test.ctp, line 21]
